mode: set
github.com/ALTA-PROJECT3-GROUP3/EventPlanningApp-BE/feature/user/usecase/logic.go:16.42,20.2 1 1
github.com/ALTA-PROJECT3-GROUP3/EventPlanningApp-BE/feature/user/usecase/logic.go:21.59,22.49 1 1
github.com/ALTA-PROJECT3-GROUP3/EventPlanningApp-BE/feature/user/usecase/logic.go:33.2,33.12 1 1
github.com/ALTA-PROJECT3-GROUP3/EventPlanningApp-BE/feature/user/usecase/logic.go:22.49,24.46 2 1
github.com/ALTA-PROJECT3-GROUP3/EventPlanningApp-BE/feature/user/usecase/logic.go:31.3,31.36 1 1
github.com/ALTA-PROJECT3-GROUP3/EventPlanningApp-BE/feature/user/usecase/logic.go:24.46,26.4 1 1
github.com/ALTA-PROJECT3-GROUP3/EventPlanningApp-BE/feature/user/usecase/logic.go:26.9,26.52 1 1
github.com/ALTA-PROJECT3-GROUP3/EventPlanningApp-BE/feature/user/usecase/logic.go:26.52,28.4 1 1
github.com/ALTA-PROJECT3-GROUP3/EventPlanningApp-BE/feature/user/usecase/logic.go:28.9,28.56 1 1
github.com/ALTA-PROJECT3-GROUP3/EventPlanningApp-BE/feature/user/usecase/logic.go:28.56,30.4 1 1
github.com/ALTA-PROJECT3-GROUP3/EventPlanningApp-BE/feature/user/usecase/logic.go:36.85,38.16 2 1
github.com/ALTA-PROJECT3-GROUP3/EventPlanningApp-BE/feature/user/usecase/logic.go:52.2,52.17 1 1
github.com/ALTA-PROJECT3-GROUP3/EventPlanningApp-BE/feature/user/usecase/logic.go:38.16,40.49 1 1
github.com/ALTA-PROJECT3-GROUP3/EventPlanningApp-BE/feature/user/usecase/logic.go:47.3,48.58 2 1
github.com/ALTA-PROJECT3-GROUP3/EventPlanningApp-BE/feature/user/usecase/logic.go:40.49,43.4 1 1
github.com/ALTA-PROJECT3-GROUP3/EventPlanningApp-BE/feature/user/usecase/logic.go:43.9,43.52 1 1
github.com/ALTA-PROJECT3-GROUP3/EventPlanningApp-BE/feature/user/usecase/logic.go:43.52,46.4 1 1
github.com/ALTA-PROJECT3-GROUP3/EventPlanningApp-BE/feature/user/usecase/logic.go:55.66,57.16 2 1
github.com/ALTA-PROJECT3-GROUP3/EventPlanningApp-BE/feature/user/usecase/logic.go:62.2,62.20 1 1
github.com/ALTA-PROJECT3-GROUP3/EventPlanningApp-BE/feature/user/usecase/logic.go:57.16,60.3 2 1
github.com/ALTA-PROJECT3-GROUP3/EventPlanningApp-BE/feature/user/usecase/logic.go:65.52,67.16 2 1
github.com/ALTA-PROJECT3-GROUP3/EventPlanningApp-BE/feature/user/usecase/logic.go:79.2,79.12 1 0
github.com/ALTA-PROJECT3-GROUP3/EventPlanningApp-BE/feature/user/usecase/logic.go:67.16,69.52 2 1
github.com/ALTA-PROJECT3-GROUP3/EventPlanningApp-BE/feature/user/usecase/logic.go:76.3,77.13 2 1
github.com/ALTA-PROJECT3-GROUP3/EventPlanningApp-BE/feature/user/usecase/logic.go:69.52,72.4 2 1
github.com/ALTA-PROJECT3-GROUP3/EventPlanningApp-BE/feature/user/usecase/logic.go:72.9,72.60 1 1
github.com/ALTA-PROJECT3-GROUP3/EventPlanningApp-BE/feature/user/usecase/logic.go:72.60,75.4 2 1
github.com/ALTA-PROJECT3-GROUP3/EventPlanningApp-BE/feature/user/usecase/logic.go:82.131,83.79 1 1
github.com/ALTA-PROJECT3-GROUP3/EventPlanningApp-BE/feature/user/usecase/logic.go:100.2,100.12 1 1
github.com/ALTA-PROJECT3-GROUP3/EventPlanningApp-BE/feature/user/usecase/logic.go:83.79,85.44 2 1
github.com/ALTA-PROJECT3-GROUP3/EventPlanningApp-BE/feature/user/usecase/logic.go:98.3,98.13 1 0
github.com/ALTA-PROJECT3-GROUP3/EventPlanningApp-BE/feature/user/usecase/logic.go:85.44,88.4 2 1
github.com/ALTA-PROJECT3-GROUP3/EventPlanningApp-BE/feature/user/usecase/logic.go:88.9,88.66 1 1
github.com/ALTA-PROJECT3-GROUP3/EventPlanningApp-BE/feature/user/usecase/logic.go:88.66,91.4 2 1
github.com/ALTA-PROJECT3-GROUP3/EventPlanningApp-BE/feature/user/usecase/logic.go:91.9,91.63 1 1
github.com/ALTA-PROJECT3-GROUP3/EventPlanningApp-BE/feature/user/usecase/logic.go:91.63,94.4 2 1
github.com/ALTA-PROJECT3-GROUP3/EventPlanningApp-BE/feature/user/usecase/logic.go:94.9,94.55 1 1
github.com/ALTA-PROJECT3-GROUP3/EventPlanningApp-BE/feature/user/usecase/logic.go:94.55,97.4 2 1
